<?xml version="1.0" encoding="UTF-8"?>
<!-- Generated by org.testng.reporters.JUnitReportReporter -->
<testsuite hostname="DESKTOP-NG9ASR4" failures="0" tests="1" name="TC01LoginTest" time="0.399" errors="0" timestamp="2023-02-03T09:54:43 IST" skipped="0">
  <testcase classname="TC01LoginTest" name="login" time="0.399"/>
  <system-out/>
</testsuite> <!-- TC01LoginTest -->
